0 info it worked if it ends with ok
1 verbose cli [ '/usr/local/bin/node',
1 verbose cli   '/usr/local/bin/npm',
1 verbose cli   'install',
1 verbose cli   'process/browser' ]
2 info using npm@2.15.9
3 info using node@v4.6.1
4 verbose install initial load of /Users/zhangle/study/test/thor/com.jotunheim.thor.web/src/main/thor-app/package.json
5 warn package.json default@1.0.0 No README data
6 warn package.json default@1.0.0 license should be a valid SPDX license expression
7 verbose installManyTop reading scoped package data from /Users/zhangle/study/test/thor/com.jotunheim.thor.web/src/main/thor-app/node_modules/babel-polyfill/package.json
8 verbose installManyTop reading scoped package data from /Users/zhangle/study/test/thor/com.jotunheim.thor.web/src/main/thor-app/node_modules/jquery/package.json
9 verbose installManyTop reading scoped package data from /Users/zhangle/study/test/thor/com.jotunheim.thor.web/src/main/thor-app/node_modules/process/package.json
10 verbose installManyTop reading scoped package data from /Users/zhangle/study/test/thor/com.jotunheim.thor.web/src/main/thor-app/node_modules/ramda/package.json
11 verbose installManyTop reading scoped package data from /Users/zhangle/study/test/thor/com.jotunheim.thor.web/src/main/thor-app/node_modules/react/package.json
12 verbose installManyTop reading scoped package data from /Users/zhangle/study/test/thor/com.jotunheim.thor.web/src/main/thor-app/node_modules/react-dom/package.json
13 verbose installManyTop reading scoped package data from /Users/zhangle/study/test/thor/com.jotunheim.thor.web/src/main/thor-app/node_modules/react-redux/package.json
14 verbose installManyTop reading scoped package data from /Users/zhangle/study/test/thor/com.jotunheim.thor.web/src/main/thor-app/node_modules/react-tap-event-plugin/package.json
15 verbose installManyTop reading scoped package data from /Users/zhangle/study/test/thor/com.jotunheim.thor.web/src/main/thor-app/node_modules/redux/package.json
16 verbose installManyTop reading scoped package data from /Users/zhangle/study/test/thor/com.jotunheim.thor.web/src/main/thor-app/node_modules/requirejs/package.json
17 verbose installManyTop reading scoped package data from /Users/zhangle/study/test/thor/com.jotunheim.thor.web/src/main/thor-app/node_modules/url/package.json
18 info package.json process@0.11.9 process is also the name of a node core module.
19 info package.json react-tap-event-plugin@2.0.1 No license field.
20 info package.json url@0.11.0 url is also the name of a node core module.
21 verbose readDependencies loading dependencies from /Users/zhangle/study/test/thor/com.jotunheim.thor.web/src/main/thor-app/package.json
22 silly cache add args [ 'process/browser', null ]
23 verbose cache add spec process/browser
24 silly cache add parsed spec Result {
24 silly cache add   raw: 'process/browser',
24 silly cache add   scope: null,
24 silly cache add   name: null,
24 silly cache add   rawSpec: 'process/browser',
24 silly cache add   spec: 'github:process/browser',
24 silly cache add   type: 'hosted',
24 silly cache add   hosted:
24 silly cache add    { type: 'github',
24 silly cache add      ssh: 'git@github.com:process/browser.git',
24 silly cache add      sshUrl: 'git+ssh://git@github.com/process/browser.git',
24 silly cache add      httpsUrl: 'git+https://github.com/process/browser.git',
24 silly cache add      gitUrl: 'git://github.com/process/browser.git',
24 silly cache add      shortcut: 'github:process/browser',
24 silly cache add      directUrl: 'https://raw.githubusercontent.com/process/browser/master/package.json' } }
25 verbose addRemoteGit caching process/browser
26 verbose addRemoteGit process/browser is a repository hosted by github
27 silly tryGitProto attempting to clone git://github.com/process/browser.git
28 silly tryClone cloning process/browser via git://github.com/process/browser.git
29 verbose tryClone git-github-com-process-browser-git-f22927a9 not in flight; caching
30 verbose correctMkdir /Users/zhangle/.npm/_git-remotes correctMkdir not in flight; initializing
31 verbose makeDirectory /Users/zhangle/.npm/_git-remotes creation not in flight; initializing
32 silly makeDirectory /Users/zhangle/.npm/_git-remotes uid: 501 gid: 20
33 info git [ 'clone',
33 info git   '--template=/Users/zhangle/.npm/_git-remotes/_templates',
33 info git   '--mirror',
33 info git   'git://github.com/process/browser.git',
33 info git   '/Users/zhangle/.npm/_git-remotes/git-github-com-process-browser-git-f22927a9' ]
34 verbose git clone --template=/Users/zhangle/.npm/_git-remotes/_templates --mirror git://github.com/process/browser.git /Users/zhangle/.npm/_git-remotes/git-github-com-process-browser-git-f22927a9: Cloning into bare repository '/Users/zhangle/.npm/_git-remotes/git-github-com-process-browser-git-f22927a9'...
34 verbose git clone --template=/Users/zhangle/.npm/_git-remotes/_templates --mirror git://github.com/process/browser.git /Users/zhangle/.npm/_git-remotes/git-github-com-process-browser-git-f22927a9: fatal: remote error:
34 verbose git clone --template=/Users/zhangle/.npm/_git-remotes/_templates --mirror git://github.com/process/browser.git /Users/zhangle/.npm/_git-remotes/git-github-com-process-browser-git-f22927a9:   Repository not found.
35 silly tryHTTPS attempting to clone git+https://github.com/process/browser.git
36 silly tryClone cloning process/browser via git+https://github.com/process/browser.git
37 verbose tryClone https-github-com-process-browser-git-aca23b58 not in flight; caching
38 verbose correctMkdir /Users/zhangle/.npm/_git-remotes correctMkdir not in flight; initializing
39 info git [ 'clone',
39 info git   '--template=/Users/zhangle/.npm/_git-remotes/_templates',
39 info git   '--mirror',
39 info git   'https://github.com/process/browser.git',
39 info git   '/Users/zhangle/.npm/_git-remotes/https-github-com-process-browser-git-aca23b58' ]
40 verbose git clone --template=/Users/zhangle/.npm/_git-remotes/_templates --mirror https://github.com/process/browser.git /Users/zhangle/.npm/_git-remotes/https-github-com-process-browser-git-aca23b58: Cloning into bare repository '/Users/zhangle/.npm/_git-remotes/https-github-com-process-browser-git-aca23b58'...
40 verbose git clone --template=/Users/zhangle/.npm/_git-remotes/_templates --mirror https://github.com/process/browser.git /Users/zhangle/.npm/_git-remotes/https-github-com-process-browser-git-aca23b58: remote: Repository not found.
40 verbose git clone --template=/Users/zhangle/.npm/_git-remotes/_templates --mirror https://github.com/process/browser.git /Users/zhangle/.npm/_git-remotes/https-github-com-process-browser-git-aca23b58: fatal: repository 'https://github.com/process/browser.git/' not found
41 silly trySSH attempting to clone git@github.com:process/browser.git
42 silly tryClone cloning process/browser via git@github.com:process/browser.git
43 verbose tryClone git-github-com-process-browser-git-e3b28b1d not in flight; caching
44 verbose correctMkdir /Users/zhangle/.npm/_git-remotes correctMkdir not in flight; initializing
45 info git [ 'clone',
45 info git   '--template=/Users/zhangle/.npm/_git-remotes/_templates',
45 info git   '--mirror',
45 info git   'git@github.com:process/browser.git',
45 info git   '/Users/zhangle/.npm/_git-remotes/git-github-com-process-browser-git-e3b28b1d' ]
46 error git clone --template=/Users/zhangle/.npm/_git-remotes/_templates --mirror git@github.com:process/browser.git /Users/zhangle/.npm/_git-remotes/git-github-com-process-browser-git-e3b28b1d: Cloning into bare repository '/Users/zhangle/.npm/_git-remotes/git-github-com-process-browser-git-e3b28b1d'...
46 error git clone --template=/Users/zhangle/.npm/_git-remotes/_templates --mirror git@github.com:process/browser.git /Users/zhangle/.npm/_git-remotes/git-github-com-process-browser-git-e3b28b1d: Warning: Permanently added the RSA host key for IP address '192.30.253.113' to the list of known hosts.
46 error git clone --template=/Users/zhangle/.npm/_git-remotes/_templates --mirror git@github.com:process/browser.git /Users/zhangle/.npm/_git-remotes/git-github-com-process-browser-git-e3b28b1d: Permission denied (publickey).
46 error git clone --template=/Users/zhangle/.npm/_git-remotes/_templates --mirror git@github.com:process/browser.git /Users/zhangle/.npm/_git-remotes/git-github-com-process-browser-git-e3b28b1d: fatal: Could not read from remote repository.
46 error git clone --template=/Users/zhangle/.npm/_git-remotes/_templates --mirror git@github.com:process/browser.git /Users/zhangle/.npm/_git-remotes/git-github-com-process-browser-git-e3b28b1d:
46 error git clone --template=/Users/zhangle/.npm/_git-remotes/_templates --mirror git@github.com:process/browser.git /Users/zhangle/.npm/_git-remotes/git-github-com-process-browser-git-e3b28b1d: Please make sure you have the correct access rights
46 error git clone --template=/Users/zhangle/.npm/_git-remotes/_templates --mirror git@github.com:process/browser.git /Users/zhangle/.npm/_git-remotes/git-github-com-process-browser-git-e3b28b1d: and the repository exists.
47 verbose stack Error: Command failed: git clone --template=/Users/zhangle/.npm/_git-remotes/_templates --mirror git@github.com:process/browser.git /Users/zhangle/.npm/_git-remotes/git-github-com-process-browser-git-e3b28b1d
47 verbose stack Cloning into bare repository '/Users/zhangle/.npm/_git-remotes/git-github-com-process-browser-git-e3b28b1d'...
47 verbose stack Warning: Permanently added the RSA host key for IP address '192.30.253.113' to the list of known hosts.
47 verbose stack Permission denied (publickey).
47 verbose stack fatal: Could not read from remote repository.
47 verbose stack
47 verbose stack Please make sure you have the correct access rights
47 verbose stack and the repository exists.
47 verbose stack
47 verbose stack     at ChildProcess.exithandler (child_process.js:213:12)
47 verbose stack     at emitTwo (events.js:87:13)
47 verbose stack     at ChildProcess.emit (events.js:172:7)
47 verbose stack     at maybeClose (internal/child_process.js:829:16)
47 verbose stack     at Socket.<anonymous> (internal/child_process.js:319:11)
47 verbose stack     at emitOne (events.js:77:13)
47 verbose stack     at Socket.emit (events.js:169:7)
47 verbose stack     at Pipe._onclose (net.js:486:12)
48 verbose cwd /Users/zhangle/study/test/thor/com.jotunheim.thor.web/src/main/thor-app
49 error Darwin 16.4.0
50 error argv "/usr/local/bin/node" "/usr/local/bin/npm" "install" "process/browser"
51 error node v4.6.1
52 error npm  v2.15.9
53 error code 128
54 error Command failed: git clone --template=/Users/zhangle/.npm/_git-remotes/_templates --mirror git@github.com:process/browser.git /Users/zhangle/.npm/_git-remotes/git-github-com-process-browser-git-e3b28b1d
54 error Cloning into bare repository '/Users/zhangle/.npm/_git-remotes/git-github-com-process-browser-git-e3b28b1d'...
54 error Warning: Permanently added the RSA host key for IP address '192.30.253.113' to the list of known hosts.
54 error Permission denied (publickey).
54 error fatal: Could not read from remote repository.
54 error
54 error Please make sure you have the correct access rights
54 error and the repository exists.
55 error If you need help, you may report this error at:
55 error     <https://github.com/npm/npm/issues>
56 verbose exit [ 1, true ]
